#
# A fatal error has been detected by the Java Runtime Environment:
#
#  SIGBUS (0xa) at pc=0x000000010c12615e, pid=74803, tid=5891
#
# JRE version: 7.0_17-b02
# Java VM: Java HotSpot(TM) 64-Bit Server VM (23.7-b01 mixed mode bsd-amd64 compressed oops)
# Problematic frame:
# C  [libzip.dylib+0x315e]  newEntry+0x154
#
# Failed to write core dump. Core dumps have been disabled. To enable core dumping, try "ulimit -c unlimited" before starting Java again
#
# If you would like to submit a bug report, please visit:
#   http://bugreport.sun.com/bugreport/crash.jsp
# The crash happened outside the Java Virtual Machine in native code.
# See problematic frame for where to report the bug.
#

---------------  T H R E A D  ---------------

Current thread (0x00007fbe45802800):  JavaThread "main" [_thread_in_native, id=5891, stack(0x000000010bec5000,0x000000010bfc5000)]

siginfo:si_signo=SIGBUS: si_errno=0, si_code=2 (BUS_ADRERR), si_addr=0x000000015b1a9e87

Registers:
RAX=0x00007fbe43d05620, RBX=0x000000015b1a9e7b, RCX=0x0000000000000201, RDX=0x0000000000000100
RSP=0x000000010bfc2c60, RBP=0x000000010bfc2cc0, RSI=0x00007fbe42c00000, RDI=0x000000010b30ca00
R8 =0x0000000000000004, R9 =0x0000000000000008, R10=0x0000000000000000, R11=0x0000000000000004
R12=0x0000000000001f4a, R13=0x00007fbe45008a00, R14=0x00007fbe43d05620, R15=0x0000000000000a6e
RIP=0x000000010c12615e, EFLAGS=0x0000000000010206, ERR=0x0000000000000004
  TRAPNO=0x000000000000000e

Top of Stack: (sp=0x000000010bfc2c60)
0x000000010bfc2c60:   0000000000000000 000000000bfc2fb0
0x000000010bfc2c70:   000000000000000c 000000010bfc2fb0
0x000000010bfc2c80:   000000010bfc2ca0 00007fbe43d05620
0x000000010bfc2c90:   00007fbe42c2a230 00000000b9403629
0x000000010bfc2ca0:   0000000000001f4a 00007fbe45008a00
0x000000010bfc2cb0:   00007fbe43d05620 0000000000000a6e
0x000000010bfc2cc0:   000000010bfc2d10 000000010c1267d0
0x000000010bfc2cd0:   000000010bfc2b90 000000000f755af9
0x000000010bfc2ce0:   00007fbe43c033e0 000000010bfc2d60
0x000000010bfc2cf0:   00007fbe43c07490 0000000000000007
0x000000010bfc2d00:   000000010bfc2d64 00007fbe43c033e0
0x000000010bfc2d10:   000000010bfc2d40 000000010c1268c0
0x000000010bfc2d20:   000000010bfc2d40 00007fbe43c033e0
0x000000010bfc2d30:   00007fbe43d057d0 00007fbe43c033e0
0x000000010bfc2d40:   000000010bfc2e10 000000010b57df3f
0x000000010bfc2d50:   00007fbe4641dbf0 0000000000000000
0x000000010bfc2d60:   000000010b7d4154 00007fbe45802800
0x000000010bfc2d70:   000000010bfc2d80 00007fff97b49b89
0x000000010bfc2d80:   00007fbe43c03938 0000000000000000
0x000000010bfc2d90:   000000010b7d4154 00007fbe43c033a0
0x000000010bfc2da0:   000000010bfc2dd0 00007fff97b834f3
0x000000010bfc2db0:   00000000514ce457 000000010b57d9b2
0x000000010bfc2dc0:   0000000243c03190 00007fbe43c07260
0x000000010bfc2dd0:   00007fbe43c07260 0000000000000005
0x000000010bfc2de0:   00007fbe43c07490 00007fbe43c033e0
0x000000010bfc2df0:   88927500540ee833 00007fbe45802800
0x000000010bfc2e00:   00007fbe4641dbf0 00007fbe43c033e0
0x000000010bfc2e10:   000000010bfc3060 000000010b57d83b
0x000000010bfc2e20:   000000010bfc32c0 000000010b722f83
0x000000010bfc2e30:   0000000000000000 000000010f755af9
0x000000010bfc2e40:   000000010f751268 00007fbe4392c7a0
0x000000010bfc2e50:   000000014153b6e8 000000010b5cbc23 

Instructions: (pc=0x000000010c12615e)
0x000000010c12613e:   49 8b 7f 38 e8 83 19 00 00 4d 89 77 38 49 89 5f
0x000000010c12614e:   40 4c 89 f0 48 85 c0 0f 84 16 05 00 00 48 89 c3
0x000000010c12615e:   0f b6 43 0c 0f b6 4b 0d 48 c1 e1 08 48 01 c1 0f
0x000000010c12616e:   b6 43 0e 0f b6 53 0f 48 c1 e2 08 48 01 c2 48 c1 

Register to memory mapping:

RAX=0x00007fbe43d05620 is an unknown value
RBX=0x000000015b1a9e7b is an unknown value
RCX=0x0000000000000201 is an unknown value
RDX=0x0000000000000100 is an unknown value
RSP=0x000000010bfc2c60 is pointing into the stack for thread: 0x00007fbe45802800
RBP=0x000000010bfc2cc0 is pointing into the stack for thread: 0x00007fbe45802800
RSI=0x00007fbe42c00000 is an unknown value
RDI=0x000000010b30ca00 is an unknown value
R8 =0x0000000000000004 is an unknown value
R9 =0x0000000000000008 is an unknown value
R10=0x0000000000000000 is an unknown value
R11=0x0000000000000004 is an unknown value
R12=0x0000000000001f4a is an unknown value
R13=0x00007fbe45008a00 is an unknown value
R14=0x00007fbe43d05620 is an unknown value
R15=0x0000000000000a6e is an unknown value


Stack: [0x000000010bec5000,0x000000010bfc5000],  sp=0x000000010bfc2c60,  free space=1015k
Native frames: (J=compiled Java code, j=interpreted, Vv=VM code, C=native code)
C  [libzip.dylib+0x315e]  newEntry+0x154
C  [libzip.dylib+0x37d0]  ZIP_GetEntry+0xa2
C  [libzip.dylib+0x38c0]  ZIP_FindEntry+0x1a
V  [libjvm.dylib+0x160f3f]
V  [libjvm.dylib+0x16083b]
V  [libjvm.dylib+0x44ce61]
V  [libjvm.dylib+0x44ca33]
V  [libjvm.dylib+0x44d2a5]
V  [libjvm.dylib+0x44d6af]
V  [libjvm.dylib+0x1ae9ce]
V  [libjvm.dylib+0x38cffe]
V  [libjvm.dylib+0x28538b]
j  org.zeroturnaround.bundled.javassist.expr.MethodCall.replace(Ljava/lang/String;)V+351
j  com.zeroturnaround.javarebel.yE.edit(Lorg/zeroturnaround/bundled/javassist/expr/MethodCall;)V+93
j  org.zeroturnaround.bundled.javassist.expr.ExprEditor.loopBody(Lorg/zeroturnaround/bundled/javassist/bytecode/CodeIterator;Lorg/zeroturnaround/bundled/javassist/CtClass;Lorg/zeroturnaround/bundled/javassist/bytecode/MethodInfo;Lorg/zeroturnaround/bundled/javassist/expr/ExprEditor$LoopContext;)Z+80
j  org.zeroturnaround.bundled.javassist.expr.ExprEditor.doit(Lorg/zeroturnaround/bundled/javassist/CtClass;Lorg/zeroturnaround/bundled/javassist/bytecode/MethodInfo;)Z+48
j  org.zeroturnaround.bundled.javassist.CtBehavior.instrument(Lorg/zeroturnaround/bundled/javassist/expr/ExprEditor;)V+26
j  com.zeroturnaround.javarebel.yD.process(Lorg/zeroturnaround/bundled/javassist/ClassPool;Ljava/lang/ClassLoader;Lorg/zeroturnaround/bundled/javassist/CtClass;)V+161
j  org.zeroturnaround.javarebel.integration.support.JavassistClassBytecodeProcessor.process(Ljava/lang/ClassLoader;Ljava/lang/String;[B)[B+149
j  com.zeroturnaround.javarebel.java5.AgentInstall.a(Ljava/lang/Class;Lorg/zeroturnaround/javarebel/ClassBytecodeProcessor;)[B+29
j  com.zeroturnaround.javarebel.java5.AgentInstall.a(Ljava/lang/instrument/Instrumentation;)V+87
j  com.zeroturnaround.javarebel.java5.AgentInstall.premain(Ljava/lang/String;Ljava/lang/instrument/Instrumentation;)V+139
v  ~StubRoutines::call_stub
V  [libjvm.dylib+0x28852f]
V  [libjvm.dylib+0x2882fc]
V  [libjvm.dylib+0x3f54a6]
V  [libjvm.dylib+0x3f58fe]
V  [libjvm.dylib+0x2bc957]
j  sun.reflect.NativeMethodAccessorImpl.invoke0(Ljava/lang/reflect/Method;Ljava/lang/Object;[Ljava/lang/Object;)Ljava/lang/Object;+0
j  sun.reflect.NativeMethodAccessorImpl.invoke(Ljava/lang/Object;[Ljava/lang/Object;)Ljava/lang/Object;+87
j  sun.reflect.DelegatingMethodAccessorImpl.invoke(Ljava/lang/Object;[Ljava/lang/Object;)Ljava/lang/Object;+6
j  java.lang.reflect.Method.invoke(Ljava/lang/Object;[Ljava/lang/Object;)Ljava/lang/Object;+57
j  sun.instrument.InstrumentationImpl.loadClassAndStartAgent(Ljava/lang/String;Ljava/lang/String;Ljava/lang/String;)V+180
j  sun.instrument.InstrumentationImpl.loadClassAndCallPremain(Ljava/lang/String;Ljava/lang/String;)V+5
v  ~StubRoutines::call_stub
V  [libjvm.dylib+0x28852f]
V  [libjvm.dylib+0x2882fc]
V  [libjvm.dylib+0x2a3df3]
V  [libjvm.dylib+0x297b5b]
C  [libinstrument.dylib+0xa97f]  invokeJavaAgentMainMethod+0x66
C  [libinstrument.dylib+0xaa0d]  startJavaAgent+0x5a
C  [libinstrument.dylib+0xaacc]  processJavaStart+0xb1
C  [libinstrument.dylib+0x7816]  eventHandlerVMInit+0x34
V  [libjvm.dylib+0x307bf2]
V  [libjvm.dylib+0x47ae19]
V  [libjvm.dylib+0x2a33e8]
C  [java+0x2995]  JavaMain+0x134
C  [libsystem_c.dylib+0x147a2]  _pthread_start+0x147
C  [libsystem_c.dylib+0x11e1]  thread_start+0xd

Java frames: (J=compiled Java code, j=interpreted, Vv=VM code)
j  org.zeroturnaround.bundled.javassist.expr.MethodCall.replace(Ljava/lang/String;)V+351
j  com.zeroturnaround.javarebel.yE.edit(Lorg/zeroturnaround/bundled/javassist/expr/MethodCall;)V+93
j  org.zeroturnaround.bundled.javassist.expr.ExprEditor.loopBody(Lorg/zeroturnaround/bundled/javassist/bytecode/CodeIterator;Lorg/zeroturnaround/bundled/javassist/CtClass;Lorg/zeroturnaround/bundled/javassist/bytecode/MethodInfo;Lorg/zeroturnaround/bundled/javassist/expr/ExprEditor$LoopContext;)Z+80
j  org.zeroturnaround.bundled.javassist.expr.ExprEditor.doit(Lorg/zeroturnaround/bundled/javassist/CtClass;Lorg/zeroturnaround/bundled/javassist/bytecode/MethodInfo;)Z+48
j  org.zeroturnaround.bundled.javassist.CtBehavior.instrument(Lorg/zeroturnaround/bundled/javassist/expr/ExprEditor;)V+26
j  com.zeroturnaround.javarebel.yD.process(Lorg/zeroturnaround/bundled/javassist/ClassPool;Ljava/lang/ClassLoader;Lorg/zeroturnaround/bundled/javassist/CtClass;)V+161
j  org.zeroturnaround.javarebel.integration.support.JavassistClassBytecodeProcessor.process(Ljava/lang/ClassLoader;Ljava/lang/String;[B)[B+149
j  com.zeroturnaround.javarebel.java5.AgentInstall.a(Ljava/lang/Class;Lorg/zeroturnaround/javarebel/ClassBytecodeProcessor;)[B+29
j  com.zeroturnaround.javarebel.java5.AgentInstall.a(Ljava/lang/instrument/Instrumentation;)V+87
j  com.zeroturnaround.javarebel.java5.AgentInstall.premain(Ljava/lang/String;Ljava/lang/instrument/Instrumentation;)V+139
v  ~StubRoutines::call_stub
j  sun.reflect.NativeMethodAccessorImpl.invoke0(Ljava/lang/reflect/Method;Ljava/lang/Object;[Ljava/lang/Object;)Ljava/lang/Object;+0
j  sun.reflect.NativeMethodAccessorImpl.invoke(Ljava/lang/Object;[Ljava/lang/Object;)Ljava/lang/Object;+87
j  sun.reflect.DelegatingMethodAccessorImpl.invoke(Ljava/lang/Object;[Ljava/lang/Object;)Ljava/lang/Object;+6
j  java.lang.reflect.Method.invoke(Ljava/lang/Object;[Ljava/lang/Object;)Ljava/lang/Object;+57
j  sun.instrument.InstrumentationImpl.loadClassAndStartAgent(Ljava/lang/String;Ljava/lang/String;Ljava/lang/String;)V+180
j  sun.instrument.InstrumentationImpl.loadClassAndCallPremain(Ljava/lang/String;Ljava/lang/String;)V+5
v  ~StubRoutines::call_stub

---------------  P R O C E S S  ---------------

Java Threads: ( => current thread )
  0x00007fbe44801000 JavaThread "JDWP Command Reader" daemon [_thread_in_native, id=21251, stack(0x000000015d542000,0x000000015d642000)]
  0x00007fbe44041000 JavaThread "JDWP Event Helper Thread" daemon [_thread_blocked, id=20995, stack(0x000000015d43f000,0x000000015d53f000)]
  0x00007fbe44043000 JavaThread "JDWP Transport Listener: dt_socket" daemon [_thread_blocked, id=20739, stack(0x000000015d33c000,0x000000015d43c000)]
  0x00007fbe45040800 JavaThread "Signal Dispatcher" daemon [_thread_blocked, id=20483, stack(0x000000015d233000,0x000000015d333000)]
  0x00007fbe45023800 JavaThread "Finalizer" daemon [_thread_blocked, id=16131, stack(0x000000015cfe4000,0x000000015d0e4000)]
  0x00007fbe45023000 JavaThread "Reference Handler" daemon [_thread_blocked, id=15875, stack(0x000000015cee1000,0x000000015cfe1000)]
=>0x00007fbe45802800 JavaThread "main" [_thread_in_native, id=5891, stack(0x000000010bec5000,0x000000010bfc5000)]

Other Threads:
  0x00007fbe45020000 VMThread [stack: 0x000000015cdde000,0x000000015cede000] [id=15619]

VM state:not at safepoint (normal execution)

VM Mutex/Monitor currently owned by a thread: None

Heap
 PSYoungGen      total 20032K, used 5607K [0x0000000141000000, 0x0000000142650000, 0x0000000157600000)
  eden space 17216K, 32% used [0x0000000141000000,0x0000000141579cb8,0x00000001420d0000)
  from space 2816K, 0% used [0x0000000142390000,0x0000000142390000,0x0000000142650000)
  to   space 2816K, 0% used [0x00000001420d0000,0x00000001420d0000,0x0000000142390000)
 ParOldGen       total 45824K, used 0K [0x0000000114400000, 0x00000001170c0000, 0x0000000141000000)
  object space 45824K, 0% used [0x0000000114400000,0x0000000114400000,0x00000001170c0000)
 PSPermGen       total 21248K, used 5713K [0x000000010f200000, 0x00000001106c0000, 0x0000000114400000)
  object space 21248K, 26% used [0x000000010f200000,0x000000010f7947f0,0x00000001106c0000)

Card table byte_map: [0x0000000157600000,0x0000000157843000] byte_map_base: 0x0000000156d87000

Polling page: 0x000000010c004000

Code Cache  [0x000000010c12c000, 0x000000010c39c000, 0x000000010f12c000)
 total_blobs=214 nmethods=0 adapters=190 free_code_cache=48748Kb largest_free_block=49917696

Compilation events (0 events):
No events

GC Heap History (0 events):
No events

Deoptimization events (0 events):
No events

Internal exceptions (10 events):
Event: 0.669 Thread 0x00007fbe45802800 Threw 0x0000000141309678 at /HUDSON/workspace/jdk7u17-2-build-macosx-amd64-product/jdk7u17/hotspot/src/share/vm/classfile/systemDic
Event: 0.672 Thread 0x00007fbe45802800 Threw 0x0000000141310200 at /HUDSON/workspace/jdk7u17-2-build-macosx-amd64-product/jdk7u17/hotspot/src/share/vm/classfile/systemDic
Event: 0.679 Thread 0x00007fbe45802800 Threw 0x0000000141323e90 at /HUDSON/workspace/jdk7u17-2-build-macosx-amd64-product/jdk7u17/hotspot/src/share/vm/prims/jvm.cpp:1166
Event: 0.687 Thread 0x00007fbe45802800 Threw 0x000000014136b9f0 at /HUDSON/workspace/jdk7u17-2-build-macosx-amd64-product/jdk7u17/hotspot/src/share/vm/prims/jvm.cpp:1166
Event: 0.689 Thread 0x00007fbe45802800 Threw 0x0000000141370528 at /HUDSON/workspace/jdk7u17-2-build-macosx-amd64-product/jdk7u17/hotspot/src/share/vm/prims/jvm.cpp:1166
Event: 0.690 Thread 0x00007fbe45802800 Threw 0x000000014137d768 at /HUDSON/workspace/jdk7u17-2-build-macosx-amd64-product/jdk7u17/hotspot/src/share/vm/prims/jvm.cpp:1166
Event: 0.692 Thread 0x00007fbe45802800 Threw 0x0000000141398cd8 at /HUDSON/workspace/jdk7u17-2-build-macosx-amd64-product/jdk7u17/hotspot/src/share/vm/prims/jvm.cpp:1166
Event: 0.694 Thread 0x00007fbe45802800 Threw 0x00000001413a27a8 at /HUDSON/workspace/jdk7u17-2-build-macosx-amd64-product/jdk7u17/hotspot/src/share/vm/prims/jvm.cpp:1166
Event: 0.695 Thread 0x00007fbe45802800 Threw 0x00000001413a74d0 at /HUDSON/workspace/jdk7u17-2-build-macosx-amd64-product/jdk7u17/hotspot/src/share/vm/prims/jvm.cpp:1166
Event: 0.800 Thread 0x00007fbe45802800 Threw 0x000000014153b6e8 at /HUDSON/workspace/jdk7u17-2-build-macosx-amd64-product/jdk7u17/hotspot/src/share/vm/classfile/systemDic

Events (10 events):
Event: 0.796 loading class 0x00007fbe43d4f970 done
Event: 0.796 loading class 0x00007fbe43d419f0
Event: 0.797 loading class 0x00007fbe43d419f0 done
Event: 0.799 loading class 0x00007fbe46428da0
Event: 0.799 loading class 0x00007fbe4642b090
Event: 0.799 loading class 0x00007fbe4642b090 done
Event: 0.799 loading class 0x00007fbe46428da0 done
Event: 0.799 loading class 0x00007fbe4642b270
Event: 0.800 loading class 0x00007fbe4642b270 done
Event: 0.800 loading class 0x00007fbe4641dbf0


Dynamic libraries:
0x000000000c57c000 	/System/Library/Frameworks/Cocoa.framework/Versions/A/Cocoa
0x000000000c57c000 	/System/Library/Frameworks/Security.framework/Versions/A/Security
0x000000000c57c000 	/System/Library/Frameworks/ApplicationServices.framework/Versions/A/ApplicationServices
0x000000000c57c000 	/usr/lib/libz.1.dylib
0x000000000c57c000 	/usr/lib/libSystem.B.dylib
0x000000000c57c000 	/usr/lib/libobjc.A.dylib
0x000000000c57c000 	/System/Library/Frameworks/CoreFoundation.framework/Versions/A/CoreFoundation
0x000000000c57c000 	/System/Library/Frameworks/AppKit.framework/Versions/C/AppKit
0x000000000c57c000 	/System/Library/Frameworks/CoreData.framework/Versions/A/CoreData
0x000000000c57c000 	/System/Library/Frameworks/Foundation.framework/Versions/C/Foundation
0x000000000c57c000 	/System/Library/PrivateFrameworks/RemoteViewServices.framework/Versions/A/RemoteViewServices
0x000000000c57c000 	/System/Library/Frameworks/AudioToolbox.framework/Versions/A/AudioToolbox
0x000000000c57c000 	/System/Library/Frameworks/AudioUnit.framework/Versions/A/AudioUnit
0x000000000c57c000 	/System/Library/PrivateFrameworks/DataDetectorsCore.framework/Versions/A/DataDetectorsCore
0x000000000c57c000 	/System/Library/PrivateFrameworks/DesktopServicesPriv.framework/Versions/A/DesktopServicesPriv
0x000000000c57c000 	/System/Library/Frameworks/Carbon.framework/Versions/A/Frameworks/HIToolbox.framework/Versions/A/HIToolbox
0x000000000c57c000 	/System/Library/Frameworks/QuartzCore.framework/Versions/A/QuartzCore
0x000000000c57c000 	/System/Library/Frameworks/Carbon.framework/Versions/A/Frameworks/SpeechRecognition.framework/Versions/A/SpeechRecognition
0x000000000c57c000 	/usr/lib/libauto.dylib
0x000000000c57c000 	/usr/lib/libicucore.A.dylib
0x000000000c57c000 	/usr/lib/libxml2.2.dylib
0x000000000c57c000 	/System/Library/PrivateFrameworks/CoreUI.framework/Versions/A/CoreUI
0x000000000c57c000 	/System/Library/Frameworks/CoreAudio.framework/Versions/A/CoreAudio
0x000000000c57c000 	/System/Library/Frameworks/DiskArbitration.framework/Versions/A/DiskArbitration
0x000000000c57c000 	/usr/lib/liblangid.dylib
0x000000000c57c000 	/System/Library/PrivateFrameworks/MultitouchSupport.framework/Versions/A/MultitouchSupport
0x000000000c57c000 	/System/Library/Frameworks/IOKit.framework/Versions/A/IOKit
0x000000000c57c000 	/usr/lib/libDiagnosticMessagesClient.dylib
0x000000000c57c000 	/System/Library/Frameworks/CoreServices.framework/Versions/A/CoreServices
0x000000000c57c000 	/System/Library/PrivateFrameworks/PerformanceAnalysis.framework/Versions/A/PerformanceAnalysis
0x000000000c57c000 	/System/Library/PrivateFrameworks/GenerationalStorage.framework/Versions/A/GenerationalStorage
0x000000000c57c000 	/System/Library/Frameworks/OpenGL.framework/Versions/A/OpenGL
0x000000000c57c000 	/System/Library/Frameworks/CoreText.framework/Versions/A/CoreText
0x000000000c57c000 	/System/Library/Frameworks/ImageIO.framework/Versions/A/ImageIO
0x000000000c57c000 	/System/Library/PrivateFrameworks/Backup.framework/Versions/A/Backup
0x000000000c57c000 	/System/Library/Frameworks/CFNetwork.framework/Versions/A/CFNetwork
0x000000000c57c000 	/System/Library/Frameworks/SystemConfiguration.framework/Versions/A/SystemConfiguration
0x000000000c57c000 	/usr/lib/libCRFSuite.dylib
0x000000000c57c000 	/System/Library/PrivateFrameworks/TCC.framework/Versions/A/TCC
0x000000000c57c000 	/usr/lib/libc++.1.dylib
0x000000000c57c000 	/usr/lib/libc++abi.dylib
0x000000000c57c000 	/usr/lib/system/libcache.dylib
0x000000000c57c000 	/usr/lib/system/libcommonCrypto.dylib
0x000000000c57c000 	/usr/lib/system/libcompiler_rt.dylib
0x000000000c57c000 	/usr/lib/system/libcopyfile.dylib
0x000000000c57c000 	/usr/lib/system/libdispatch.dylib
0x000000000c57c000 	/usr/lib/system/libdnsinfo.dylib
0x000000000c57c000 	/usr/lib/system/libdyld.dylib
0x000000000c57c000 	/usr/lib/system/libkeymgr.dylib
0x000000000c57c000 	/usr/lib/system/liblaunch.dylib
0x000000000c57c000 	/usr/lib/system/libmacho.dylib
0x000000000c57c000 	/usr/lib/system/libquarantine.dylib
0x000000000c57c000 	/usr/lib/system/libremovefile.dylib
0x000000000c57c000 	/usr/lib/system/libsystem_blocks.dylib
0x000000000c57c000 	/usr/lib/system/libsystem_c.dylib
0x000000000c57c000 	/usr/lib/system/libsystem_dnssd.dylib
0x000000000c57c000 	/usr/lib/system/libsystem_info.dylib
0x000000000c57c000 	/usr/lib/system/libsystem_kernel.dylib
0x000000000c57c000 	/usr/lib/system/libsystem_m.dylib
0x000000000c57c000 	/usr/lib/system/libsystem_network.dylib
0x000000000c57c000 	/usr/lib/system/libsystem_notify.dylib
0x000000000c57c000 	/usr/lib/system/libsystem_sandbox.dylib
0x000000000c57c000 	/usr/lib/system/libunc.dylib
0x000000000c57c000 	/usr/lib/system/libunwind.dylib
0x000000000c57c000 	/usr/lib/system/libxpc.dylib
0x000000000c57c000 	/usr/lib/system/libcorecrypto.dylib
0x000000000c57c000 	/usr/lib/libstdc++.6.dylib
0x000000000c57c000 	/usr/lib/libbsm.0.dylib
0x000000000c57c000 	/usr/lib/libsqlite3.dylib
0x000000000c57c000 	/usr/lib/libxar.1.dylib
0x000000000c57c000 	/usr/lib/libpam.2.dylib
0x000000000c57c000 	/usr/lib/libOpenScriptingUtil.dylib
0x000000000c57c000 	/usr/lib/libbz2.1.0.dylib
0x000000000c57c000 	/System/Library/Frameworks/CoreServices.framework/Versions/A/Frameworks/CarbonCore.framework/Versions/A/CarbonCore
0x000000000c57c000 	/System/Library/Frameworks/CoreServices.framework/Versions/A/Frameworks/Metadata.framework/Versions/A/Metadata
0x000000000c57c000 	/System/Library/Frameworks/CoreServices.framework/Versions/A/Frameworks/OSServices.framework/Versions/A/OSServices
0x000000000c57c000 	/System/Library/Frameworks/CoreServices.framework/Versions/A/Frameworks/SearchKit.framework/Versions/A/SearchKit
0x000000000c57c000 	/System/Library/Frameworks/CoreServices.framework/Versions/A/Frameworks/AE.framework/Versions/A/AE
0x000000000c57c000 	/System/Library/Frameworks/CoreServices.framework/Versions/A/Frameworks/LaunchServices.framework/Versions/A/LaunchServices
0x000000000c57c000 	/System/Library/Frameworks/CoreServices.framework/Versions/A/Frameworks/DictionaryServices.framework/Versions/A/DictionaryServices
0x000000000c57c000 	/System/Library/Frameworks/NetFS.framework/Versions/A/NetFS
0x000000000c57c000 	/usr/lib/system/libkxld.dylib
0x000000000c57c000 	/System/Library/PrivateFrameworks/NetAuth.framework/Versions/A/NetAuth
0x000000000c57c000 	/System/Library/Frameworks/OpenDirectory.framework/Versions/A/Frameworks/CFOpenDirectory.framework/Versions/A/CFOpenDirectory
0x000000000c57c000 	/usr/lib/libxslt.1.dylib
0x000000000c57c000 	/System/Library/PrivateFrameworks/FamilyControls.framework/Versions/A/FamilyControls
0x000000000c57c000 	/System/Library/Frameworks/Carbon.framework/Versions/A/Frameworks/Ink.framework/Versions/A/Ink
0x000000000c57c000 	/System/Library/Frameworks/ApplicationServices.framework/Versions/A/Frameworks/CoreGraphics.framework/Versions/A/CoreGraphics
0x000000000c57c000 	/System/Library/Frameworks/ApplicationServices.framework/Versions/A/Frameworks/ATS.framework/Versions/A/ATS
0x000000000c57c000 	/System/Library/Frameworks/ApplicationServices.framework/Versions/A/Frameworks/ColorSync.framework/Versions/A/ColorSync
0x000000000c57c000 	/System/Library/Frameworks/ApplicationServices.framework/Versions/A/Frameworks/HIServices.framework/Versions/A/HIServices
0x000000000c57c000 	/System/Library/Frameworks/ApplicationServices.framework/Versions/A/Frameworks/LangAnalysis.framework/Versions/A/LangAnalysis
0x000000000c57c000 	/System/Library/Frameworks/ApplicationServices.framework/Versions/A/Frameworks/PrintCore.framework/Versions/A/PrintCore
0x000000000c57c000 	/System/Library/Frameworks/ApplicationServices.framework/Versions/A/Frameworks/QD.framework/Versions/A/QD
0x000000000c57c000 	/System/Library/Frameworks/ApplicationServices.framework/Versions/A/Frameworks/SpeechSynthesis.framework/Versions/A/SpeechSynthesis
0x000000000c57c000 	/System/Library/Frameworks/IOSurface.framework/Versions/A/IOSurface
0x000000000c57c000 	/System/Library/Frameworks/Accelerate.framework/Versions/A/Accelerate
0x000000000c57c000 	/System/Library/Frameworks/ApplicationServices.framework/Versions/A/Frameworks/ATS.framework/Versions/A/Resources/libFontParser.dylib
0x000000000c57c000 	/System/Library/Frameworks/ApplicationServices.framework/Versions/A/Frameworks/ATS.framework/Versions/A/Resources/libFontRegistry.dylib
0x000000000c57c000 	/System/Library/Frameworks/Accelerate.framework/Versions/A/Frameworks/vImage.framework/Versions/A/vImage
0x000000000c57c000 	/System/Library/Frameworks/Accelerate.framework/Versions/A/Frameworks/vecLib.framework/Versions/A/vecLib
0x000000000c57c000 	/System/Library/Frameworks/Accelerate.framework/Versions/A/Frameworks/vecLib.framework/Versions/A/libvDSP.dylib
0x000000000c57c000 	/System/Library/Frameworks/Accelerate.framework/Versions/A/Frameworks/vecLib.framework/Versions/A/libvMisc.dylib
0x000000000c57c000 	/System/Library/Frameworks/Accelerate.framework/Versions/A/Frameworks/vecLib.framework/Versions/A/libLAPACK.dylib
0x000000000c57c000 	/System/Library/Frameworks/Accelerate.framework/Versions/A/Frameworks/vecLib.framework/Versions/A/libBLAS.dylib
0x000000000c57c000 	/System/Library/Frameworks/ImageIO.framework/Versions/A/Resources/libJPEG.dylib
0x000000000c57c000 	/System/Library/Frameworks/ImageIO.framework/Versions/A/Resources/libTIFF.dylib
0x000000000c57c000 	/System/Library/Frameworks/ImageIO.framework/Versions/A/Resources/libPng.dylib
0x000000000c57c000 	/System/Library/Frameworks/ImageIO.framework/Versions/A/Resources/libGIF.dylib
0x000000000c57c000 	/System/Library/Frameworks/ImageIO.framework/Versions/A/Resources/libJP2.dylib
0x000000000c57c000 	/System/Library/Frameworks/ImageIO.framework/Versions/A/Resources/libRadiance.dylib
0x000000000c57c000 	/usr/lib/libcups.2.dylib
0x000000000c57c000 	/System/Library/Frameworks/Kerberos.framework/Versions/A/Kerberos
0x000000000c57c000 	/System/Library/Frameworks/GSS.framework/Versions/A/GSS
0x000000000c57c000 	/usr/lib/libresolv.9.dylib
0x000000000c57c000 	/usr/lib/libiconv.2.dylib
0x000000000c57c000 	/System/Library/PrivateFrameworks/Heimdal.framework/Versions/A/Heimdal
0x000000000c57c000 	/System/Library/PrivateFrameworks/TrustEvaluationAgent.framework/Versions/A/TrustEvaluationAgent
0x000000000c57c000 	/System/Library/Frameworks/OpenDirectory.framework/Versions/A/OpenDirectory
0x000000000c57c000 	/System/Library/PrivateFrameworks/CommonAuth.framework/Versions/A/CommonAuth
0x000000000c57c000 	/System/Library/PrivateFrameworks/Bom.framework/Versions/A/Bom
0x000000000c57c000 	/System/Library/Frameworks/CoreVideo.framework/Versions/A/CoreVideo
0x000000000c57c000 	/System/Library/Frameworks/QuartzCore.framework/Versions/A/Frameworks/CoreImage.framework/Versions/A/CoreImage
0x000000000c57c000 	/System/Library/Frameworks/QuartzCore.framework/Versions/A/Frameworks/ScalableUserInterface.framework/Versions/A/ScalableUserInterface
0x000000000c57c000 	/System/Library/Frameworks/OpenGL.framework/Versions/A/Libraries/libGLU.dylib
0x000000000c57c000 	/System/Library/Frameworks/OpenGL.framework/Versions/A/Libraries/libGFXShared.dylib
0x000000000c57c000 	/System/Library/Frameworks/OpenGL.framework/Versions/A/Libraries/libGL.dylib
0x000000000c57c000 	/System/Library/Frameworks/OpenGL.framework/Versions/A/Libraries/libGLImage.dylib
0x000000000c57c000 	/System/Library/Frameworks/OpenGL.framework/Versions/A/Libraries/libCVMSPluginSupport.dylib
0x000000000c57c000 	/System/Library/Frameworks/OpenGL.framework/Versions/A/Libraries/libCoreVMClient.dylib
0x000000000c57c000 	/System/Library/PrivateFrameworks/CrashReporterSupport.framework/Versions/A/CrashReporterSupport
0x000000000c57c000 	/System/Library/Frameworks/OpenCL.framework/Versions/A/OpenCL
0x000000000c57c000 	/System/Library/PrivateFrameworks/FaceCoreLight.framework/Versions/A/FaceCoreLight
0x000000000c57c000 	/System/Library/PrivateFrameworks/AppleFSCompression.framework/Versions/A/AppleFSCompression
0x000000000c57c000 	/System/Library/PrivateFrameworks/Ubiquity.framework/Versions/A/Ubiquity
0x000000000c57c000 	/System/Library/Frameworks/ServiceManagement.framework/Versions/A/ServiceManagement
0x000000000c57c000 	/System/Library/PrivateFrameworks/ChunkingLibrary.framework/Versions/A/ChunkingLibrary
0x000000000c57c000 	/System/Library/Frameworks/vecLib.framework/Versions/A/vecLib
0x000000000c57c000 	/System/Library/Frameworks/SecurityFoundation.framework/Versions/A/SecurityFoundation
0x000000000c57c000 	/System/Library/PrivateFrameworks/CommerceKit.framework/Versions/A/Frameworks/CommerceCore.framework/Versions/A/CommerceCore
0x000000000c57c000 	/System/Library/PrivateFrameworks/CoreSymbolication.framework/Versions/A/CoreSymbolication
0x000000000c57c000 	/System/Library/PrivateFrameworks/Symbolication.framework/Versions/A/Symbolication
0x000000000c57c000 	/System/Library/PrivateFrameworks/DebugSymbols.framework/Versions/A/DebugSymbols
0x000000010b41d000 	/Library/Java/JavaVirtualMachines/jdk1.7.0_17.jdk/Contents/Home/jre/lib/server/libjvm.dylib
0x000000010bfc7000 	/Library/Java/JavaVirtualMachines/jdk1.7.0_17.jdk/Contents/Home/jre/lib/libverify.dylib
0x000000010bfd4000 	/Library/Java/JavaVirtualMachines/jdk1.7.0_17.jdk/Contents/Home/jre/lib/libjava.dylib
0x000000010c005000 	/Library/Java/JavaVirtualMachines/jdk1.7.0_17.jdk/Contents/Home/jre/lib/libjdwp.dylib
0x000000010c042000 	/Library/Java/JavaVirtualMachines/jdk1.7.0_17.jdk/Contents/Home/jre/lib/./libnpt.dylib
0x000000010c046000 	/Library/Java/JavaVirtualMachines/jdk1.7.0_17.jdk/Contents/Home/jre/lib/libinstrument.dylib
0x000000010c123000 	/Library/Java/JavaVirtualMachines/jdk1.7.0_17.jdk/Contents/Home/jre/lib/libzip.dylib
0x000000015d0e6000 	/System/Library/Frameworks/JavaVM.framework/Frameworks/JavaRuntimeSupport.framework/JavaRuntimeSupport
0x000000015d0fe000 	/System/Library/Frameworks/JavaVM.framework/Versions/A/Frameworks/JavaNativeFoundation.framework/Versions/A/JavaNativeFoundation
0x000000015d113000 	/System/Library/Frameworks/JavaVM.framework/Versions/A/JavaVM
0x000000000c57c000 	/System/Library/Frameworks/Carbon.framework/Versions/A/Carbon
0x000000015d120000 	/System/Library/PrivateFrameworks/JavaLaunching.framework/Versions/A/JavaLaunching
0x000000000c57c000 	/System/Library/Frameworks/Carbon.framework/Versions/A/Frameworks/CommonPanels.framework/Versions/A/CommonPanels
0x000000000c57c000 	/System/Library/Frameworks/Carbon.framework/Versions/A/Frameworks/Help.framework/Versions/A/Help
0x000000000c57c000 	/System/Library/Frameworks/Carbon.framework/Versions/A/Frameworks/ImageCapture.framework/Versions/A/ImageCapture
0x000000000c57c000 	/System/Library/Frameworks/Carbon.framework/Versions/A/Frameworks/OpenScripting.framework/Versions/A/OpenScripting
0x000000000c57c000 	/System/Library/Frameworks/Carbon.framework/Versions/A/Frameworks/Print.framework/Versions/A/Print
0x000000000c57c000 	/System/Library/Frameworks/Carbon.framework/Versions/A/Frameworks/SecurityHI.framework/Versions/A/SecurityHI
0x000000015d335000 	/Library/Java/JavaVirtualMachines/jdk1.7.0_17.jdk/Contents/Home/jre/lib/libdt_socket.dylib

VM Arguments:
jvm_args: -agentlib:jdwp=transport=dt_socket,address=127.0.0.1:61195,suspend=y,server=n -javaagent:/var/folders/nt/gstfrq8n6ds12np_w3nh6j000000gn/T/jrebel.jar -Drebel.debugger_integration=true -Drebel.notification.url=http://localhost:61136 -Dfile.encoding=UTF-8 
java_command: main.MainGeekticServer
Launcher Type: SUN_STANDARD

Environment Variables:
PATH=/usr/bin:/bin:/usr/sbin:/sbin:/usr/local/bin:/usr/local/mysql/bin:/usr/local/sbin:/usr/X11/bin:/usr/local/share/npm/bin
SHELL=/bin/bash
DISPLAY=/tmp/launch-SlSCfz/org.macosforge.xquartz:0

Signal Handlers:
SIGSEGV: [libjvm.dylib+0x4a361d], sa_mask[0]=0xfffefeff, sa_flags=0x00000042
SIGBUS: [libjvm.dylib+0x4a361d], sa_mask[0]=0xfffefeff, sa_flags=0x00000042
SIGFPE: [libjvm.dylib+0x3b302d], sa_mask[0]=0xfffefeff, sa_flags=0x00000042
SIGPIPE: [libjvm.dylib+0x3b302d], sa_mask[0]=0xfffefeff, sa_flags=0x00000042
SIGXFSZ: [libjvm.dylib+0x3b302d], sa_mask[0]=0xfffefeff, sa_flags=0x00000042
SIGILL: [libjvm.dylib+0x3b302d], sa_mask[0]=0xfffefeff, sa_flags=0x00000042
SIGUSR1: SIG_DFL, sa_mask[0]=0x00000000, sa_flags=0x00000002
SIGUSR2: [libjvm.dylib+0x3b2bc6], sa_mask[0]=0x00000004, sa_flags=0x00000042
SIGHUP: [libjvm.dylib+0x3b0e27], sa_mask[0]=0xfffefeff, sa_flags=0x00000042
SIGINT: [libjvm.dylib+0x3b0e27], sa_mask[0]=0xfffefeff, sa_flags=0x00000042
SIGTERM: [libjvm.dylib+0x3b0e27], sa_mask[0]=0xfffefeff, sa_flags=0x00000042
SIGQUIT: [libjvm.dylib+0x3b0e27], sa_mask[0]=0xfffefeff, sa_flags=0x00000042


---------------  S Y S T E M  ---------------

OS:Bsduname:Darwin 12.3.0 Darwin Kernel Version 12.3.0: Sun Jan  6 22:37:10 PST 2013; root:xnu-2050.22.13~1/RELEASE_X86_64 x86_64
rlimit: STACK 8192k, CORE 0k, NPROC 709, NOFILE 10240, AS infinity
load average:1.75 1.19 1.37

CPU:total 8 (4 cores per cpu, 2 threads per core) family 6 model 58 stepping 9, cmov, cx8, fxsr, mmx, sse, sse2, sse3, ssse3, sse4.1, sse4.2, popcnt, avx, ht, tsc, tscinvbit, tscinv

Memory: 4k page, physical 4392484k(1098121k free)

/proc/meminfo:


vm_info: Java HotSpot(TM) 64-Bit Server VM (23.7-b01) for bsd-amd64 JRE (1.7.0_17-b02), built on Mar  1 2013 06:41:23 by "java_re" with gcc 4.2.1 (Based on Apple Inc. build 5658) (LLVM build 2336.11.00)

time: Sat Mar 23 00:08:07 2013
elapsed time: 0 seconds

